<?xml version="1.0" encoding="UTF-8"?>
<testsuite xmlns:xsi="http://www.w3.org/2001/XMLSchema-instance" xsi:noNamespaceSchemaLocation="https://maven.apache.org/surefire/maven-surefire-plugin/xsd/surefire-test-report.xsd" version="3.0.2" name="com.example.springboot_cicd_demo.SpringbootCicdDemoApplicationTests" time="4.553" tests="1" errors="0" skipped="0" failures="0" flakes="0">
  <properties>
[...]
</properties>
  <testcase name="contextLoads" classname="com.example.springboot_cicd_demo.SpringbootCicdDemoApplicationTests" time="1.115">
    <system-out><![CDATA[22:48:37.945 [main] INFO org.springframework.test.context.support.AnnotationConfigContextLoaderUtils -- Could not detect default configuration classes for test class [com.example.springboot_cicd_demo.SpringbootCicdDemoApplicationTests]: SpringbootCicdDemoApplicationTests does not declare any static, non-private, non-final, nested classes annotated with @Configuration.
22:48:38.138 [main] INFO org.springframework.boot.test.context.SpringBootTestContextBootstrapper -- Found @SpringBootConfiguration com.example.springboot_cicd_demo.SpringbootCicdDemoApplication for test class com.example.springboot_cicd_demo.SpringbootCicdDemoApplicationTests
22:48:38.311 [main] INFO org.springframework.test.context.support.AnnotationConfigContextLoaderUtils -- Could not detect default configuration classes for test class [com.example.springboot_cicd_demo.SpringbootCicdDemoApplicationTests]: SpringbootCicdDemoApplicationTests does not declare any static, non-private, non-final, nested classes annotated with @Configuration.
22:48:38.315 [main] INFO org.springframework.boot.test.context.SpringBootTestContextBootstrapper -- Found @SpringBootConfiguration com.example.springboot_cicd_demo.SpringbootCicdDemoApplication for test class com.example.springboot_cicd_demo.SpringbootCicdDemoApplicationTests

  .   ____          _            __ _ _
 /\\ / ___'_ __ _ _(_)_ __  __ _ \ \ \ \
( ( )\___ | '_ | '_| | '_ \/ _` | \ \ \ \
 \\/  ___)| |_)| | | | | || (_| |  ) ) ) )
  '  |____| .__|_| |_|_| |_\__, | / / / /
 =========|_|==============|___/=/_/_/_/

 :: Spring Boot ::       (v4.1.1-SNAPSHOT)

2026-07-24T22:48:38.997Z  INFO 28157 --- [springboot-cicd-demo] [           main] c.e.s.SpringbootCicdDemoApplicationTests : Starting SpringbootCicdDemoApplicationTests using Java 21.0.11 with PID 28157 (started by root in /root/springboot-cicd-demo)
2026-07-24T22:48:39.000Z  INFO 28157 --- [springboot-cicd-demo] [           main] c.e.s.SpringbootCicdDemoApplicationTests : No active profile set, falling back to 1 default profile: "default"
2026-07-24T22:48:40.964Z  INFO 28157 --- [springboot-cicd-demo] [           main] c.e.s.SpringbootCicdDemoApplicationTests : Started SpringbootCicdDemoApplicationTests in 2.529 seconds (process running for 4.544)
]]></system-out>
    <system-err><![CDATA[Mockito is currently self-attaching to enable the inline-mock-maker. This will no longer work in future releases of the JDK. Please add Mockito as an agent to your build as described in Mockito's documentation: https://javadoc.io/doc/org.mockito/mockito-core/latest/org.mockito/org/mockito/Mockito.html#0.3
WARNING: A Java agent has been loaded dynamically (/root/.m2/repository/net/bytebuddy/byte-buddy-agent/1.18.11/byte-buddy-agent-1.18.11.jar)
WARNING: If a serviceability tool is in use, please run with -XX:+EnableDynamicAgentLoading to hide this warning
WARNING: If a serviceability tool is not in use, please run with -Djdk.instrument.traceUsage for more information
WARNING: Dynamic loading of agents will be disallowed by default in a future release
]]></system-err>
  </testcase>
</testsuite>